<?xml version="1.0" encoding="UTF-8"?>
<!-- Generated by org.testng.reporters.JUnitReportReporter -->
<testsuite hostname="Tess" failures="0" tests="2" name="ITLogin" time="0.004" errors="0" timestamp="2022-05-03T12:29:31 IST" skipped="0">
  <testcase classname="ITLogin" name="verifyInvalidLoginIT" time="0.004"/>
  <system-out/>
  <testcase classname="ITLogin" name="verifyValidLoginIT" time="0.000"/>
  <system-out/>
</testsuite> <!-- ITLogin -->
