<?xml version="1.0" encoding="UTF-8"?>
<!-- Generated by org.testng.reporters.JUnitReportReporter -->
<testsuite hostname="Tess" failures="0" tests="1" name="TestUnitTestingDemo" time="0.005" errors="0" timestamp="2022-05-03T11:46:28 IST" skipped="0">
  <testcase classname="TestUnitTestingDemo" name="TestContent2" time="0.005"/>
  <system-out/>
</testsuite> <!-- TestUnitTestingDemo -->
