<?xml version="1.0" encoding="UTF-8"?>
<!-- Generated by org.testng.reporters.JUnitReportReporter -->
<testsuite hostname="Tess" failures="0" tests="2" name="TestLogin" time="0.015" errors="0" timestamp="2022-05-03T17:59:00 IST" skipped="0">
  <testcase classname="TestLogin" name="verifyInvalidLogin" time="0.015"/>
  <system-out/>
  <testcase classname="TestLogin" name="verifyValidLoginIT" time="0.000"/>
  <system-out/>
</testsuite> <!-- TestLogin -->
